--------------------------------------------------------------------------------
Release 14.4 Trace  (nt)
Copyright (c) 1995-2012 Xilinx, Inc.  All rights reserved.

C:\Xilinx\14.4\ISE_DS\ISE\bin\nt\unwrapped\trce.exe -intstyle ise -v 3 -s 5 -n
3 -fastpaths -xml alu.twx alu.ncd -o alu.twr alu.pcf

Design file:              alu.ncd
Physical constraint file: alu.pcf
Device,package,speed:     xc3s50,pq208,-5 (PRODUCTION 1.39 2012-12-04)
Report level:             verbose report

Environment Variable      Effect 
--------------------      ------ 
NONE                      No environment variables were set
--------------------------------------------------------------------------------

INFO:Timing:2698 - No timing constraints found, doing default enumeration.
INFO:Timing:3412 - To improve timing, see the Timing Closure User Guide (UG612).
INFO:Timing:2752 - To get complete path coverage, use the unconstrained paths 
   option. All paths that are not constrained will be reported in the 
   unconstrained paths section(s) of the report.
INFO:Timing:3339 - The clock-to-out numbers in this timing report are based on 
   a 50 Ohm transmission line loading model.  For the details of this model, 
   and for more information on accounting for different loading conditions, 
   please see the device datasheet.
INFO:Timing:3390 - This architecture does not support a default System Jitter 
   value, please add SYSTEM_JITTER constraint to the UCF to modify the Clock 
   Uncertainty calculation.
INFO:Timing:3389 - This architecture does not support 'Discrete Jitter' and 
   'Phase Error' calculations, these terms will be zero in the Clock 
   Uncertainty calculation.  Please make appropriate modification to 
   SYSTEM_JITTER to account for the unsupported Discrete Jitter and Phase 
   Error.



Data Sheet report:
-----------------
All values displayed in nanoseconds (ns)

Pad to Pad
---------------+---------------+---------+
Source Pad     |Destination Pad|  Delay  |
---------------+---------------+---------+
inp_a<0>       |out_alu<0>     |    7.839|
inp_a<0>       |out_alu<1>     |    8.091|
inp_a<0>       |out_alu<2>     |    7.844|
inp_a<0>       |out_alu<3>     |    8.261|
inp_a<1>       |out_alu<1>     |    9.062|
inp_a<1>       |out_alu<2>     |    8.826|
inp_a<1>       |out_alu<3>     |    9.293|
inp_a<2>       |out_alu<2>     |    7.936|
inp_a<2>       |out_alu<3>     |    7.910|
inp_a<3>       |out_alu<3>     |    7.960|
inp_b<0>       |out_alu<0>     |    7.533|
inp_b<0>       |out_alu<1>     |    8.252|
inp_b<0>       |out_alu<2>     |    8.005|
inp_b<0>       |out_alu<3>     |    8.422|
inp_b<1>       |out_alu<1>     |    7.995|
inp_b<1>       |out_alu<2>     |    7.759|
inp_b<1>       |out_alu<3>     |    8.226|
inp_b<2>       |out_alu<2>     |    7.392|
inp_b<2>       |out_alu<3>     |    7.366|
inp_b<3>       |out_alu<3>     |    7.731|
sel<0>         |out_alu<0>     |    7.789|
sel<0>         |out_alu<1>     |    9.865|
sel<0>         |out_alu<2>     |    9.629|
sel<0>         |out_alu<3>     |   10.096|
sel<1>         |out_alu<0>     |    7.815|
sel<1>         |out_alu<1>     |    9.588|
sel<1>         |out_alu<2>     |    9.352|
sel<1>         |out_alu<3>     |    9.819|
sel<2>         |out_alu<0>     |    8.120|
sel<2>         |out_alu<1>     |   10.158|
sel<2>         |out_alu<2>     |    9.922|
sel<2>         |out_alu<3>     |   10.389|
---------------+---------------+---------+


Analysis completed Tue Nov 08 18:25:57 2016 
--------------------------------------------------------------------------------

Trace Settings:
-------------------------
Trace Settings 

Peak Memory Usage: 97 MB



